d:\바탕 화면\sw\05. directx\practice\practice\debug\vc142.pdb
d:\바탕 화면\sw\05. directx\practice\practice\debug\vc142.idb
c:\users\mtang\desktop\sw\21. directx\practice\practice\debug\vc142.pdb
c:\users\mtang\desktop\sw\21. directx\practice\practice\debug\vc142.idb
c:\users\mtang\desktop\sw\21. directx\practice\practice\debug\practice_4_hw_박형빈.obj
c:\users\mtang\desktop\sw\21. directx\practice\debug\shaders2_ori.cso
c:\users\mtang\desktop\sw\21. directx\practice\practice\debug\practice.ilk
c:\users\mtang\desktop\sw\21. directx\practice\debug\practice.exe
c:\users\mtang\desktop\sw\21. directx\practice\debug\practice.pdb
c:\users\mtang\desktop\sw\21. directx\practice\practice\debug\practice.res
c:\users\mtang\desktop\sw\21. directx\practice\practice\debug\practice_1.obj
c:\users\mtang\desktop\sw\21. directx\practice\practice\debug\practice.tlog\cl.command.1.tlog
c:\users\mtang\desktop\sw\21. directx\practice\practice\debug\practice.tlog\cl.read.1.tlog
c:\users\mtang\desktop\sw\21. directx\practice\practice\debug\practice.tlog\cl.write.1.tlog
c:\users\mtang\desktop\sw\21. directx\practice\practice\debug\practice.tlog\fxc.command.1.tlog
c:\users\mtang\desktop\sw\21. directx\practice\practice\debug\practice.tlog\fxc.read.1.tlog
c:\users\mtang\desktop\sw\21. directx\practice\practice\debug\practice.tlog\fxc.write.1.tlog
c:\users\mtang\desktop\sw\21. directx\practice\practice\debug\practice.tlog\link.command.1.tlog
c:\users\mtang\desktop\sw\21. directx\practice\practice\debug\practice.tlog\link.read.1.tlog
c:\users\mtang\desktop\sw\21. directx\practice\practice\debug\practice.tlog\link.write.1.tlog
c:\users\mtang\desktop\sw\21. directx\practice\practice\debug\practice.tlog\rc.command.1.tlog
c:\users\mtang\desktop\sw\21. directx\practice\practice\debug\practice.tlog\rc.read.1.tlog
c:\users\mtang\desktop\sw\21. directx\practice\practice\debug\practice.tlog\rc.write.1.tlog
