d:\바탕 화면\sw\21. directx\practice\practice\x64\debug\vc142.pdb
d:\바탕 화면\sw\21. directx\practice\practice\x64\debug\vc142.idb
d:\바탕 화면\sw\21. directx\practice\practice\x64\debug\practice_1.obj
d:\바탕 화면\sw\21. directx\practice\practice\x64\debug\practice_2_2.obj
d:\바탕 화면\sw\21. directx\practice\practice\x64\debug\practice_4.obj
d:\바탕 화면\sw\21. directx\practice\practice\x64\debug\practice_3.obj
d:\바탕 화면\sw\21. directx\practice\practice\x64\debug\practice_3_ori.obj
d:\바탕 화면\sw\21. directx\practice\x64\debug\shaders.cso
d:\바탕 화면\sw\21. directx\practice\x64\debug\shaders2_ori.cso
d:\바탕 화면\sw\21. directx\practice\x64\debug\practice.exe
d:\바탕 화면\sw\21. directx\practice\practice\x64\debug\practice.ilk
d:\바탕 화면\sw\21. directx\practice\x64\debug\practice.pdb
d:\바탕 화면\sw\21. directx\practice\practice\x64\debug\practice.res
d:\바탕 화면\sw\21. directx\practice\practice\x64\debug\practice.obj
d:\바탕 화면\sw\21. directx\practice\practice\x64\debug\practice.tlog\cl.command.1.tlog
d:\바탕 화면\sw\21. directx\practice\practice\x64\debug\practice.tlog\cl.read.1.tlog
d:\바탕 화면\sw\21. directx\practice\practice\x64\debug\practice.tlog\cl.write.1.tlog
d:\바탕 화면\sw\21. directx\practice\practice\x64\debug\practice.tlog\fxc.command.1.tlog
d:\바탕 화면\sw\21. directx\practice\practice\x64\debug\practice.tlog\fxc.read.1.tlog
d:\바탕 화면\sw\21. directx\practice\practice\x64\debug\practice.tlog\fxc.write.1.tlog
d:\바탕 화면\sw\21. directx\practice\practice\x64\debug\practice.tlog\link.command.1.tlog
d:\바탕 화면\sw\21. directx\practice\practice\x64\debug\practice.tlog\link.read.1.tlog
d:\바탕 화면\sw\21. directx\practice\practice\x64\debug\practice.tlog\link.write.1.tlog
d:\바탕 화면\sw\21. directx\practice\practice\x64\debug\practice.tlog\rc.command.1.tlog
d:\바탕 화면\sw\21. directx\practice\practice\x64\debug\practice.tlog\rc.read.1.tlog
d:\바탕 화면\sw\21. directx\practice\practice\x64\debug\practice.tlog\rc.write.1.tlog
